<?xml version="1.0" encoding="UTF-8"?>
<!-- Generated by org.testng.reporters.JUnitXMLReporter -->
<testsuite ignored="0" hostname="DESKTOP-1AO5130" failures="0" tests="12" name="Default test" time="0.084" errors="0" timestamp="2021-06-21T23:02:58 EDT">
  <testcase classname="testcases.HomePageValidation" name="@BeforeClass initilize" time="0.009">
    <failure type="java.lang.NullPointerException" message="Cannot invoke &amp;quot;String.contains(java.lang.CharSequence)&amp;quot; because &amp;quot;browser&amp;quot; is null">
      <![CDATA[java.lang.NullPointerException: Cannot invoke "String.contains(java.lang.CharSequence)" because "browser" is null
at pageObjects.Initialization.configuration(Initialization.java:67)
at testcases.HomePageValidation.initilize(HomePageValidation.java:47)
at java.base/jdk.internal.reflect.NativeMethodAccessorImpl.invoke0(Native Method)
at java.base/jdk.internal.reflect.NativeMethodAccessorImpl.invoke(NativeMethodAccessorImpl.java:64)
at java.base/jdk.internal.reflect.DelegatingMethodAccessorImpl.invoke(DelegatingMethodAccessorImpl.java:43)
at java.base/java.lang.reflect.Method.invoke(Method.java:564)
at org.testng.internal.MethodInvocationHelper.invokeMethod(MethodInvocationHelper.java:132)
at org.testng.internal.MethodInvocationHelper.invokeMethodConsideringTimeout(MethodInvocationHelper.java:61)
at org.testng.internal.ConfigInvoker.invokeConfigurationMethod(ConfigInvoker.java:366)
at org.testng.internal.ConfigInvoker.invokeConfigurations(ConfigInvoker.java:320)
at org.testng.internal.TestMethodWorker.invokeBeforeClassMethods(TestMethodWorker.java:176)
at org.testng.internal.TestMethodWorker.run(TestMethodWorker.java:122)
at java.base/java.util.ArrayList.forEach(ArrayList.java:1511)
at org.testng.TestRunner.privateRun(TestRunner.java:764)
at org.testng.TestRunner.run(TestRunner.java:585)
at org.testng.SuiteRunner.runTest(SuiteRunner.java:384)
at org.testng.SuiteRunner.runSequentially(SuiteRunner.java:378)
at org.testng.SuiteRunner.privateRun(SuiteRunner.java:337)
at org.testng.SuiteRunner.run(SuiteRunner.java:286)
at org.testng.SuiteRunnerWorker.runSuite(SuiteRunnerWorker.java:53)
at org.testng.SuiteRunnerWorker.run(SuiteRunnerWorker.java:96)
at org.testng.TestNG.runSuitesSequentially(TestNG.java:1218)
at org.testng.TestNG.runSuitesLocally(TestNG.java:1140)
at org.testng.TestNG.runSuites(TestNG.java:1069)
at org.testng.TestNG.run(TestNG.java:1037)
at org.testng.remote.AbstractRemoteTestNG.run(AbstractRemoteTestNG.java:115)
at org.testng.remote.RemoteTestNG.initAndRun(RemoteTestNG.java:251)
at org.testng.remote.RemoteTestNG.main(RemoteTestNG.java:77)
]]>
    </failure>
  </testcase> <!-- @BeforeClass initilize -->
  <testcase classname="testcases.HomePageValidation" name="@BeforeMethod getPageInstance" time="-1.624330978072E9">
    <skipped/>
  </testcase> <!-- @BeforeMethod getPageInstance -->
  <testcase classname="testcases.HomePageValidation" name="@BeforeMethod getPageInstance" time="-1.624330978078E9">
    <skipped/>
  </testcase> <!-- @BeforeMethod getPageInstance -->
  <testcase classname="testcases.HomePageValidation" name="@BeforeMethod getPageInstance" time="-1.624330978084E9">
    <skipped/>
  </testcase> <!-- @BeforeMethod getPageInstance -->
  <testcase classname="testcases.HomePageValidation" name="@BeforeMethod getPageInstance" time="-1.624330978089E9">
    <skipped/>
  </testcase> <!-- @BeforeMethod getPageInstance -->
  <testcase classname="testcases.HomePageValidation" name="@BeforeMethod getPageInstance" time="-1.624330978092E9">
    <skipped/>
  </testcase> <!-- @BeforeMethod getPageInstance -->
  <testcase classname="testcases.HomePageValidation" name="@BeforeMethod getPageInstance" time="-1.624330978095E9">
    <skipped/>
  </testcase> <!-- @BeforeMethod getPageInstance -->
  <testcase classname="testcases.HomePageValidation" name="@BeforeMethod getPageInstance" time="-1.624330978099E9">
    <skipped/>
  </testcase> <!-- @BeforeMethod getPageInstance -->
  <testcase classname="testcases.HomePageValidation" name="@BeforeMethod getPageInstance" time="-1.624330978102E9">
    <skipped/>
  </testcase> <!-- @BeforeMethod getPageInstance -->
  <testcase classname="testcases.HomePageValidation" name="@BeforeMethod getPageInstance" time="-1.624330978106E9">
    <skipped/>
  </testcase> <!-- @BeforeMethod getPageInstance -->
  <testcase classname="testcases.HomePageValidation" name="@BeforeMethod getPageInstance" time="-1.62433097811E9">
    <skipped/>
  </testcase> <!-- @BeforeMethod getPageInstance -->
  <testcase classname="testcases.HomePageValidation" name="@BeforeMethod getPageInstance" time="-1.624330978114E9">
    <skipped/>
  </testcase> <!-- @BeforeMethod getPageInstance -->
  <testcase classname="testcases.HomePageValidation" name="@BeforeMethod getPageInstance" time="-1.624330978117E9">
    <skipped/>
  </testcase> <!-- @BeforeMethod getPageInstance -->
  <testcase classname="testcases.HomePageValidation" name="@AfterClass windowClose" time="-1.62433097812E9">
    <skipped/>
  </testcase> <!-- @AfterClass windowClose -->
  <testcase classname="testcases.HomePageValidation" name="numberOfItemsValidation" time="0.0">
    <skipped/>
  </testcase> <!-- numberOfItemsValidation -->
  <testcase classname="testcases.HomePageValidation" name="listOfProductsValidation" time="0.0">
    <skipped/>
  </testcase> <!-- listOfProductsValidation -->
  <testcase classname="testcases.HomePageValidation" name="chooseItemsToCart" time="0.0">
    <skipped/>
  </testcase> <!-- chooseItemsToCart -->
  <testcase classname="testcases.HomePageValidation" name="clickGoToCartButton" time="0.0">
    <skipped/>
  </testcase> <!-- clickGoToCartButton -->
  <testcase classname="testcases.HomePageValidation" name="getProductsNumberInCart" time="0.0">
    <skipped/>
  </testcase> <!-- getProductsNumberInCart -->
  <testcase classname="testcases.HomePageValidation" name="pushCartButton" time="0.0">
    <skipped/>
  </testcase> <!-- pushCartButton -->
  <testcase classname="testcases.HomePageValidation" name="totalAmountCompare" time="0.0">
    <skipped/>
  </testcase> <!-- totalAmountCompare -->
  <testcase classname="testcases.HomePageValidation" name="setPromoCode" time="0.0">
    <skipped/>
  </testcase> <!-- setPromoCode -->
  <testcase classname="testcases.HomePageValidation" name="chooseCountry" time="0.0">
    <skipped/>
  </testcase> <!-- chooseCountry -->
  <testcase classname="testcases.HomePageValidation" name="clickAgreeCheckBox" time="0.0">
    <skipped/>
  </testcase> <!-- clickAgreeCheckBox -->
  <testcase classname="testcases.HomePageValidation" name="clickProceedButton" time="0.0">
    <skipped/>
  </testcase> <!-- clickProceedButton -->
  <testcase classname="testcases.HomePageValidation" name="checkSuccessText" time="0.0">
    <skipped/>
  </testcase> <!-- checkSuccessText -->
</testsuite> <!-- Default test -->
